<?xml version="1.0" encoding="UTF-8"?>
<testsuite xmlns:xsi="http://www.w3.org/2001/XMLSchema-instance" xsi:noNamespaceSchemaLocation="https://maven.apache.org/surefire/maven-surefire-plugin/xsd/surefire-test-report-3.0.xsd" version="3.0" name="com.mercadolibre.rampup_juan_castano.integration.ManageFruitControllerTest" time="0.074" tests="5" errors="0" skipped="0" failures="0">
  <properties>
    <property name="java.specification.version" value="17"/>
    <property name="sun.jnu.encoding" value="UTF-8"/>
    <property name="java.class.path" value="/Users/jucastano/.m2/repository/org/apache/maven/surefire/surefire-booter/3.0.0-M7/surefire-booter-3.0.0-M7.jar:/Users/jucastano/.m2/repository/org/apache/maven/surefire/surefire-api/3.0.0-M7/surefire-api-3.0.0-M7.jar:/Users/jucastano/.m2/repository/org/apache/maven/surefire/surefire-logger-api/3.0.0-M7/surefire-logger-api-3.0.0-M7.jar:/Users/jucastano/.m2/repository/org/apache/maven/surefire/surefire-shared-utils/3.0.0-M7/surefire-shared-utils-3.0.0-M7.jar:/Users/jucastano/.m2/repository/org/apache/maven/surefire/surefire-extensions-spi/3.0.0-M7/surefire-extensions-spi-3.0.0-M7.jar:/Users/jucastano/ramp-up/rampup-juan-castano/target/test-classes:/Users/jucastano/ramp-up/rampup-juan-castano/target/classes:/Users/jucastano/.m2/repository/com/mercadolibre/common/client-common/0.0.2/client-common-0.0.2.jar:/Users/jucastano/.m2/repository/com/mercadolibre/metrics/metrics-core/0.0.14/metrics-core-0.0.14.jar:/Users/jucastano/.m2/repository/org/apache/commons/commons-lang3/3.12.0/commons-lang3-3.12.0.jar:/Users/jucastano/.m2/repository/com/mercadolibre/metrics/datadog-metric-wrapper/0.0.14/datadog-metric-wrapper-0.0.14.jar:/Users/jucastano/.m2/repository/fury/java/metric_collector/0.2.1/metric_collector-0.2.1.jar:/Users/jucastano/.m2/repository/com/datadoghq/java-dogstatsd-client/2.4/java-dogstatsd-client-2.4.jar:/Users/jucastano/.m2/repository/javadog/javadog/0.1.0/javadog-0.1.0.jar:/Users/jucastano/.m2/repository/com/mercadolibre/threading/0.2.1/threading-0.2.1.jar:/Users/jucastano/.m2/repository/com/mercadolibre/routing/2.4.1/routing-2.4.1.jar:/Users/jucastano/.m2/repository/com/mercadolibre/restclient/meli-restclient-context/0.5.3/meli-restclient-context-0.5.3.jar:/Users/jucastano/.m2/repository/com/mercadolibre/json_jackson/json-jackson/0.1.1/json-jackson-0.1.1.jar:/Users/jucastano/.m2/repository/com/mercadolibre/json/json-core/0.1.1/json-core-0.1.1.jar:/Users/jucastano/.m2/repository/com/fasterxml/jackson/core/jackson-databind/2.13.5/jackson-databind-2.13.5.jar:/Users/jucastano/.m2/repository/com/fasterxml/jackson/core/jackson-annotations/2.13.5/jackson-annotations-2.13.5.jar:/Users/jucastano/.m2/repository/com/fasterxml/jackson/module/jackson-module-afterburner/2.13.5/jackson-module-afterburner-2.13.5.jar:/Users/jucastano/.m2/repository/com/fasterxml/jackson/datatype/jackson-datatype-jsr310/2.13.5/jackson-datatype-jsr310-2.13.5.jar:/Users/jucastano/.m2/repository/org/springframework/boot/spring-boot-starter-web/2.7.10/spring-boot-starter-web-2.7.10.jar:/Users/jucastano/.m2/repository/org/springframework/boot/spring-boot-starter/2.7.10/spring-boot-starter-2.7.10.jar:/Users/jucastano/.m2/repository/org/springframework/boot/spring-boot/2.7.10/spring-boot-2.7.10.jar:/Users/jucastano/.m2/repository/org/springframework/boot/spring-boot-autoconfigure/2.7.10/spring-boot-autoconfigure-2.7.10.jar:/Users/jucastano/.m2/repository/org/springframework/boot/spring-boot-starter-logging/2.7.10/spring-boot-starter-logging-2.7.10.jar:/Users/jucastano/.m2/repository/ch/qos/logback/logback-classic/1.2.11/logback-classic-1.2.11.jar:/Users/jucastano/.m2/repository/ch/qos/logback/logback-core/1.2.11/logback-core-1.2.11.jar:/Users/jucastano/.m2/repository/org/apache/logging/log4j/log4j-to-slf4j/2.17.2/log4j-to-slf4j-2.17.2.jar:/Users/jucastano/.m2/repository/org/apache/logging/log4j/log4j-api/2.17.2/log4j-api-2.17.2.jar:/Users/jucastano/.m2/repository/org/slf4j/jul-to-slf4j/1.7.36/jul-to-slf4j-1.7.36.jar:/Users/jucastano/.m2/repository/jakarta/annotation/jakarta.annotation-api/1.3.5/jakarta.annotation-api-1.3.5.jar:/Users/jucastano/.m2/repository/org/yaml/snakeyaml/1.30/snakeyaml-1.30.jar:/Users/jucastano/.m2/repository/org/springframework/boot/spring-boot-starter-json/2.7.10/spring-boot-starter-json-2.7.10.jar:/Users/jucastano/.m2/repository/com/fasterxml/jackson/datatype/jackson-datatype-jdk8/2.13.5/jackson-datatype-jdk8-2.13.5.jar:/Users/jucastano/.m2/repository/com/fasterxml/jackson/module/jackson-module-parameter-names/2.13.5/jackson-module-parameter-names-2.13.5.jar:/Users/jucastano/.m2/repository/org/springframework/spring-web/5.3.26/spring-web-5.3.26.jar:/Users/jucastano/.m2/repository/org/springframework/spring-beans/5.3.26/spring-beans-5.3.26.jar:/Users/jucastano/.m2/repository/org/springframework/spring-webmvc/5.3.26/spring-webmvc-5.3.26.jar:/Users/jucastano/.m2/repository/org/springframework/spring-aop/5.3.26/spring-aop-5.3.26.jar:/Users/jucastano/.m2/repository/org/springframework/spring-context/5.3.26/spring-context-5.3.26.jar:/Users/jucastano/.m2/repository/org/springframework/spring-expression/5.3.26/spring-expression-5.3.26.jar:/Users/jucastano/.m2/repository/org/springframework/boot/spring-boot-starter-jetty/2.7.10/spring-boot-starter-jetty-2.7.10.jar:/Users/jucastano/.m2/repository/jakarta/servlet/jakarta.servlet-api/4.0.4/jakarta.servlet-api-4.0.4.jar:/Users/jucastano/.m2/repository/jakarta/websocket/jakarta.websocket-api/1.1.2/jakarta.websocket-api-1.1.2.jar:/Users/jucastano/.m2/repository/org/apache/tomcat/embed/tomcat-embed-el/9.0.73/tomcat-embed-el-9.0.73.jar:/Users/jucastano/.m2/repository/org/eclipse/jetty/jetty-servlets/9.4.51.v20230217/jetty-servlets-9.4.51.v20230217.jar:/Users/jucastano/.m2/repository/org/eclipse/jetty/jetty-continuation/9.4.51.v20230217/jetty-continuation-9.4.51.v20230217.jar:/Users/jucastano/.m2/repository/org/eclipse/jetty/jetty-http/9.4.51.v20230217/jetty-http-9.4.51.v20230217.jar:/Users/jucastano/.m2/repository/org/eclipse/jetty/jetty-util/9.4.51.v20230217/jetty-util-9.4.51.v20230217.jar:/Users/jucastano/.m2/repository/org/eclipse/jetty/jetty-io/9.4.51.v20230217/jetty-io-9.4.51.v20230217.jar:/Users/jucastano/.m2/repository/org/eclipse/jetty/jetty-webapp/9.4.51.v20230217/jetty-webapp-9.4.51.v20230217.jar:/Users/jucastano/.m2/repository/org/eclipse/jetty/jetty-xml/9.4.51.v20230217/jetty-xml-9.4.51.v20230217.jar:/Users/jucastano/.m2/repository/org/eclipse/jetty/jetty-servlet/9.4.51.v20230217/jetty-servlet-9.4.51.v20230217.jar:/Users/jucastano/.m2/repository/org/eclipse/jetty/jetty-security/9.4.51.v20230217/jetty-security-9.4.51.v20230217.jar:/Users/jucastano/.m2/repository/org/eclipse/jetty/jetty-server/9.4.51.v20230217/jetty-server-9.4.51.v20230217.jar:/Users/jucastano/.m2/repository/org/eclipse/jetty/jetty-util-ajax/9.4.51.v20230217/jetty-util-ajax-9.4.51.v20230217.jar:/Users/jucastano/.m2/repository/org/eclipse/jetty/websocket/websocket-server/9.4.51.v20230217/websocket-server-9.4.51.v20230217.jar:/Users/jucastano/.m2/repository/org/eclipse/jetty/websocket/websocket-common/9.4.51.v20230217/websocket-common-9.4.51.v20230217.jar:/Users/jucastano/.m2/repository/org/eclipse/jetty/websocket/websocket-api/9.4.51.v20230217/websocket-api-9.4.51.v20230217.jar:/Users/jucastano/.m2/repository/org/eclipse/jetty/websocket/websocket-client/9.4.51.v20230217/websocket-client-9.4.51.v20230217.jar:/Users/jucastano/.m2/repository/org/eclipse/jetty/jetty-client/9.4.51.v20230217/jetty-client-9.4.51.v20230217.jar:/Users/jucastano/.m2/repository/org/eclipse/jetty/websocket/websocket-servlet/9.4.51.v20230217/websocket-servlet-9.4.51.v20230217.jar:/Users/jucastano/.m2/repository/org/eclipse/jetty/websocket/javax-websocket-server-impl/9.4.51.v20230217/javax-websocket-server-impl-9.4.51.v20230217.jar:/Users/jucastano/.m2/repository/org/eclipse/jetty/jetty-annotations/9.4.51.v20230217/jetty-annotations-9.4.51.v20230217.jar:/Users/jucastano/.m2/repository/org/eclipse/jetty/jetty-plus/9.4.51.v20230217/jetty-plus-9.4.51.v20230217.jar:/Users/jucastano/.m2/repository/org/ow2/asm/asm/9.2/asm-9.2.jar:/Users/jucastano/.m2/repository/org/ow2/asm/asm-commons/9.4/asm-commons-9.4.jar:/Users/jucastano/.m2/repository/org/ow2/asm/asm-tree/9.4/asm-tree-9.4.jar:/Users/jucastano/.m2/repository/org/eclipse/jetty/websocket/javax-websocket-client-impl/9.4.51.v20230217/javax-websocket-client-impl-9.4.51.v20230217.jar:/Users/jucastano/.m2/repository/com/fasterxml/jackson/module/jackson-module-blackbird/2.13.5/jackson-module-blackbird-2.13.5.jar:/Users/jucastano/.m2/repository/com/fasterxml/jackson/core/jackson-core/2.13.5/jackson-core-2.13.5.jar:/Users/jucastano/.m2/repository/org/springdoc/springdoc-openapi-ui/1.6.11/springdoc-openapi-ui-1.6.11.jar:/Users/jucastano/.m2/repository/org/springdoc/springdoc-openapi-webmvc-core/1.6.11/springdoc-openapi-webmvc-core-1.6.11.jar:/Users/jucastano/.m2/repository/org/springdoc/springdoc-openapi-common/1.6.11/springdoc-openapi-common-1.6.11.jar:/Users/jucastano/.m2/repository/io/swagger/core/v3/swagger-core/2.2.2/swagger-core-2.2.2.jar:/Users/jucastano/.m2/repository/com/fasterxml/jackson/dataformat/jackson-dataformat-yaml/2.13.5/jackson-dataformat-yaml-2.13.5.jar:/Users/jucastano/.m2/repository/io/swagger/core/v3/swagger-annotations/2.2.2/swagger-annotations-2.2.2.jar:/Users/jucastano/.m2/repository/io/swagger/core/v3/swagger-models/2.2.2/swagger-models-2.2.2.jar:/Users/jucastano/.m2/repository/org/webjars/swagger-ui/4.14.0/swagger-ui-4.14.0.jar:/Users/jucastano/.m2/repository/org/webjars/webjars-locator-core/0.50/webjars-locator-core-0.50.jar:/Users/jucastano/.m2/repository/io/github/classgraph/classgraph/4.8.149/classgraph-4.8.149.jar:/Users/jucastano/.m2/repository/com/newrelic/agent/java/newrelic-api/7.9.0/newrelic-api-7.9.0.jar:/Users/jucastano/.m2/repository/commons-io/commons-io/2.11.0/commons-io-2.11.0.jar:/Users/jucastano/.m2/repository/org/junit/jupiter/junit-jupiter/5.8.2/junit-jupiter-5.8.2.jar:/Users/jucastano/.m2/repository/org/junit/jupiter/junit-jupiter-api/5.8.2/junit-jupiter-api-5.8.2.jar:/Users/jucastano/.m2/repository/org/opentest4j/opentest4j/1.2.0/opentest4j-1.2.0.jar:/Users/jucastano/.m2/repository/org/junit/platform/junit-platform-commons/1.8.2/junit-platform-commons-1.8.2.jar:/Users/jucastano/.m2/repository/org/apiguardian/apiguardian-api/1.1.2/apiguardian-api-1.1.2.jar:/Users/jucastano/.m2/repository/org/junit/jupiter/junit-jupiter-params/5.8.2/junit-jupiter-params-5.8.2.jar:/Users/jucastano/.m2/repository/org/junit/jupiter/junit-jupiter-engine/5.8.2/junit-jupiter-engine-5.8.2.jar:/Users/jucastano/.m2/repository/org/junit/platform/junit-platform-engine/1.8.2/junit-platform-engine-1.8.2.jar:/Users/jucastano/.m2/repository/uk/org/webcompere/system-stubs-jupiter/2.0.1/system-stubs-jupiter-2.0.1.jar:/Users/jucastano/.m2/repository/uk/org/webcompere/system-stubs-core/2.0.1/system-stubs-core-2.0.1.jar:/Users/jucastano/.m2/repository/org/mockito/mockito-inline/4.6.1/mockito-inline-4.6.1.jar:/Users/jucastano/.m2/repository/org/mockito/mockito-junit-jupiter/4.6.1/mockito-junit-jupiter-4.6.1.jar:/Users/jucastano/.m2/repository/org/mockito/mockito-core/4.6.1/mockito-core-4.6.1.jar:/Users/jucastano/.m2/repository/net/bytebuddy/byte-buddy/1.12.23/byte-buddy-1.12.23.jar:/Users/jucastano/.m2/repository/net/bytebuddy/byte-buddy-agent/1.12.23/byte-buddy-agent-1.12.23.jar:/Users/jucastano/.m2/repository/org/objenesis/objenesis/3.2/objenesis-3.2.jar:/Users/jucastano/.m2/repository/org/springframework/boot/spring-boot-starter-test/2.7.10/spring-boot-starter-test-2.7.10.jar:/Users/jucastano/.m2/repository/org/springframework/boot/spring-boot-test/2.7.10/spring-boot-test-2.7.10.jar:/Users/jucastano/.m2/repository/org/springframework/boot/spring-boot-test-autoconfigure/2.7.10/spring-boot-test-autoconfigure-2.7.10.jar:/Users/jucastano/.m2/repository/com/jayway/jsonpath/json-path/2.7.0/json-path-2.7.0.jar:/Users/jucastano/.m2/repository/net/minidev/json-smart/2.4.10/json-smart-2.4.10.jar:/Users/jucastano/.m2/repository/net/minidev/accessors-smart/2.4.9/accessors-smart-2.4.9.jar:/Users/jucastano/.m2/repository/jakarta/xml/bind/jakarta.xml.bind-api/2.3.3/jakarta.xml.bind-api-2.3.3.jar:/Users/jucastano/.m2/repository/jakarta/activation/jakarta.activation-api/1.2.2/jakarta.activation-api-1.2.2.jar:/Users/jucastano/.m2/repository/org/assertj/assertj-core/3.22.0/assertj-core-3.22.0.jar:/Users/jucastano/.m2/repository/org/hamcrest/hamcrest/2.2/hamcrest-2.2.jar:/Users/jucastano/.m2/repository/org/skyscreamer/jsonassert/1.5.1/jsonassert-1.5.1.jar:/Users/jucastano/.m2/repository/com/vaadin/external/google/android-json/0.0.20131108.vaadin1/android-json-0.0.20131108.vaadin1.jar:/Users/jucastano/.m2/repository/org/springframework/spring-core/5.3.26/spring-core-5.3.26.jar:/Users/jucastano/.m2/repository/org/springframework/spring-jcl/5.3.26/spring-jcl-5.3.26.jar:/Users/jucastano/.m2/repository/org/springframework/spring-test/5.3.26/spring-test-5.3.26.jar:/Users/jucastano/.m2/repository/org/xmlunit/xmlunit-core/2.9.1/xmlunit-core-2.9.1.jar:/Users/jucastano/.m2/repository/org/springframework/boot/spring-boot-starter-validation/2.7.10/spring-boot-starter-validation-2.7.10.jar:/Users/jucastano/.m2/repository/org/hibernate/validator/hibernate-validator/6.2.5.Final/hibernate-validator-6.2.5.Final.jar:/Users/jucastano/.m2/repository/jakarta/validation/jakarta.validation-api/2.0.2/jakarta.validation-api-2.0.2.jar:/Users/jucastano/.m2/repository/org/jboss/logging/jboss-logging/3.4.3.Final/jboss-logging-3.4.3.Final.jar:/Users/jucastano/.m2/repository/com/fasterxml/classmate/1.5.1/classmate-1.5.1.jar:/Users/jucastano/.m2/repository/org/projectlombok/lombok/1.18.20/lombok-1.18.20.jar:/Users/jucastano/.m2/repository/com/mercadolibre/restclient/restclient-core/0.5.4/restclient-core-0.5.4.jar:/Users/jucastano/.m2/repository/com/mercadolibre/restclient/restclient-http/0.5.4/restclient-http-0.5.4.jar:/Users/jucastano/.m2/repository/com/google/guava/guava/30.1.1-jre/guava-30.1.1-jre.jar:/Users/jucastano/.m2/repository/com/google/guava/failureaccess/1.0.1/failureaccess-1.0.1.jar:/Users/jucastano/.m2/repository/com/google/guava/listenablefuture/9999.0-empty-to-avoid-conflict-with-guava/listenablefuture-9999.0-empty-to-avoid-conflict-with-guava.jar:/Users/jucastano/.m2/repository/com/google/errorprone/error_prone_annotations/2.5.1/error_prone_annotations-2.5.1.jar:/Users/jucastano/.m2/repository/com/google/j2objc/j2objc-annotations/1.3/j2objc-annotations-1.3.jar:/Users/jucastano/.m2/repository/com/mercadolibre/resilience/resilience-core/1.2.2/resilience-core-1.2.2.jar:/Users/jucastano/.m2/repository/org/apache/commons/commons-text/1.9/commons-text-1.9.jar:/Users/jucastano/.m2/repository/org/slf4j/slf4j-api/1.7.36/slf4j-api-1.7.36.jar:/Users/jucastano/.m2/repository/com/mercadolibre/restclient/restclient-core/0.5.4/restclient-core-0.5.4-tests.jar:/Users/jucastano/.m2/repository/com/mercadolibre/kvsclient/1.1.5/kvsclient-1.1.5.jar:/Users/jucastano/.m2/repository/com/mercadolibre/restclient/restclient-default/0.5.4/restclient-default-0.5.4.jar:/Users/jucastano/.m2/repository/com/mercadolibre/restclient/restclient-httpc/0.5.4/restclient-httpc-0.5.4.jar:/Users/jucastano/.m2/repository/org/apache/httpcomponents/httpcore-nio/4.4.16/httpcore-nio-4.4.16.jar:/Users/jucastano/.m2/repository/org/apache/httpcomponents/httpcore/4.4.16/httpcore-4.4.16.jar:/Users/jucastano/.m2/repository/org/apache/httpcomponents/httpmime/4.5.14/httpmime-4.5.14.jar:/Users/jucastano/.m2/repository/org/apache/httpcomponents/httpclient/4.5.14/httpclient-4.5.14.jar:/Users/jucastano/.m2/repository/commons-codec/commons-codec/1.15/commons-codec-1.15.jar:/Users/jucastano/.m2/repository/org/apache/httpcomponents/httpasyncclient/4.1.5/httpasyncclient-4.1.5.jar:/Users/jucastano/.m2/repository/com/mercadolibre/restclient/restclient-default-parsers/0.5.4/restclient-default-parsers-0.5.4.jar:/Users/jucastano/.m2/repository/com/mercadolibre/restclient/restclient-cache/0.5.4/restclient-cache-0.5.4.jar:/Users/jucastano/.m2/repository/com/mercadolibre/resilience/rate-limiter/2.0.3/rate-limiter-2.0.3.jar:/Users/jucastano/.m2/repository/com/mercadolibre/dsclient/3.1.6/dsclient-3.1.6.jar:/Users/jucastano/.m2/repository/com/mercadolibre/ds-common/1.0.51/ds-common-1.0.51.jar:/Users/jucastano/.m2/repository/com/fasterxml/jackson/datatype/jackson-datatype-joda/2.13.5/jackson-datatype-joda-2.13.5.jar:/Users/jucastano/.m2/repository/joda-time/joda-time/2.10.8/joda-time-2.10.8.jar:/Users/jucastano/.m2/repository/com/mercadolibre/dsclient/3.1.6/dsclient-3.1.6-tests.jar:/Users/jucastano/.m2/repository/org/apache/maven/surefire/surefire-junit-platform/3.0.0-M7/surefire-junit-platform-3.0.0-M7.jar:/Users/jucastano/.m2/repository/org/apache/maven/surefire/common-java5/3.0.0-M7/common-java5-3.0.0-M7.jar:/Users/jucastano/.m2/repository/org/junit/platform/junit-platform-launcher/1.8.2/junit-platform-launcher-1.8.2.jar"/>
    <property name="java.vm.vendor" value="Azul Systems, Inc."/>
    <property name="sun.arch.data.model" value="64"/>
    <property name="java.vendor.url" value="http://www.azul.com/"/>
    <property name="user.timezone" value="America/Bogota"/>
    <property name="os.name" value="Mac OS X"/>
    <property name="java.vm.specification.version" value="17"/>
    <property name="sun.java.launcher" value="SUN_STANDARD"/>
    <property name="user.country" value="419"/>
    <property name="sun.boot.library.path" value="/Users/jucastano/.sdkman/candidates/java/17.0.6-zulu/zulu-17.jdk/Contents/Home/lib"/>
    <property name="sun.java.command" value="org.apache.maven.surefire.booter.ForkedBooter /Users/jucastano/ramp-up/rampup-juan-castano/target/surefire 2023-05-10T15-01-45_281-jvmRun1 surefire-20230510150145528_1tmp surefire_0-20230510150145528_2tmp"/>
    <property name="jdk.debug" value="release"/>
    <property name="surefire.test.class.path" value="/Users/jucastano/ramp-up/rampup-juan-castano/target/test-classes:/Users/jucastano/ramp-up/rampup-juan-castano/target/classes:/Users/jucastano/.m2/repository/com/mercadolibre/common/client-common/0.0.2/client-common-0.0.2.jar:/Users/jucastano/.m2/repository/com/mercadolibre/metrics/metrics-core/0.0.14/metrics-core-0.0.14.jar:/Users/jucastano/.m2/repository/org/apache/commons/commons-lang3/3.12.0/commons-lang3-3.12.0.jar:/Users/jucastano/.m2/repository/com/mercadolibre/metrics/datadog-metric-wrapper/0.0.14/datadog-metric-wrapper-0.0.14.jar:/Users/jucastano/.m2/repository/fury/java/metric_collector/0.2.1/metric_collector-0.2.1.jar:/Users/jucastano/.m2/repository/com/datadoghq/java-dogstatsd-client/2.4/java-dogstatsd-client-2.4.jar:/Users/jucastano/.m2/repository/javadog/javadog/0.1.0/javadog-0.1.0.jar:/Users/jucastano/.m2/repository/com/mercadolibre/threading/0.2.1/threading-0.2.1.jar:/Users/jucastano/.m2/repository/com/mercadolibre/routing/2.4.1/routing-2.4.1.jar:/Users/jucastano/.m2/repository/com/mercadolibre/restclient/meli-restclient-context/0.5.3/meli-restclient-context-0.5.3.jar:/Users/jucastano/.m2/repository/com/mercadolibre/json_jackson/json-jackson/0.1.1/json-jackson-0.1.1.jar:/Users/jucastano/.m2/repository/com/mercadolibre/json/json-core/0.1.1/json-core-0.1.1.jar:/Users/jucastano/.m2/repository/com/fasterxml/jackson/core/jackson-databind/2.13.5/jackson-databind-2.13.5.jar:/Users/jucastano/.m2/repository/com/fasterxml/jackson/core/jackson-annotations/2.13.5/jackson-annotations-2.13.5.jar:/Users/jucastano/.m2/repository/com/fasterxml/jackson/module/jackson-module-afterburner/2.13.5/jackson-module-afterburner-2.13.5.jar:/Users/jucastano/.m2/repository/com/fasterxml/jackson/datatype/jackson-datatype-jsr310/2.13.5/jackson-datatype-jsr310-2.13.5.jar:/Users/jucastano/.m2/repository/org/springframework/boot/spring-boot-starter-web/2.7.10/spring-boot-starter-web-2.7.10.jar:/Users/jucastano/.m2/repository/org/springframework/boot/spring-boot-starter/2.7.10/spring-boot-starter-2.7.10.jar:/Users/jucastano/.m2/repository/org/springframework/boot/spring-boot/2.7.10/spring-boot-2.7.10.jar:/Users/jucastano/.m2/repository/org/springframework/boot/spring-boot-autoconfigure/2.7.10/spring-boot-autoconfigure-2.7.10.jar:/Users/jucastano/.m2/repository/org/springframework/boot/spring-boot-starter-logging/2.7.10/spring-boot-starter-logging-2.7.10.jar:/Users/jucastano/.m2/repository/ch/qos/logback/logback-classic/1.2.11/logback-classic-1.2.11.jar:/Users/jucastano/.m2/repository/ch/qos/logback/logback-core/1.2.11/logback-core-1.2.11.jar:/Users/jucastano/.m2/repository/org/apache/logging/log4j/log4j-to-slf4j/2.17.2/log4j-to-slf4j-2.17.2.jar:/Users/jucastano/.m2/repository/org/apache/logging/log4j/log4j-api/2.17.2/log4j-api-2.17.2.jar:/Users/jucastano/.m2/repository/org/slf4j/jul-to-slf4j/1.7.36/jul-to-slf4j-1.7.36.jar:/Users/jucastano/.m2/repository/jakarta/annotation/jakarta.annotation-api/1.3.5/jakarta.annotation-api-1.3.5.jar:/Users/jucastano/.m2/repository/org/yaml/snakeyaml/1.30/snakeyaml-1.30.jar:/Users/jucastano/.m2/repository/org/springframework/boot/spring-boot-starter-json/2.7.10/spring-boot-starter-json-2.7.10.jar:/Users/jucastano/.m2/repository/com/fasterxml/jackson/datatype/jackson-datatype-jdk8/2.13.5/jackson-datatype-jdk8-2.13.5.jar:/Users/jucastano/.m2/repository/com/fasterxml/jackson/module/jackson-module-parameter-names/2.13.5/jackson-module-parameter-names-2.13.5.jar:/Users/jucastano/.m2/repository/org/springframework/spring-web/5.3.26/spring-web-5.3.26.jar:/Users/jucastano/.m2/repository/org/springframework/spring-beans/5.3.26/spring-beans-5.3.26.jar:/Users/jucastano/.m2/repository/org/springframework/spring-webmvc/5.3.26/spring-webmvc-5.3.26.jar:/Users/jucastano/.m2/repository/org/springframework/spring-aop/5.3.26/spring-aop-5.3.26.jar:/Users/jucastano/.m2/repository/org/springframework/spring-context/5.3.26/spring-context-5.3.26.jar:/Users/jucastano/.m2/repository/org/springframework/spring-expression/5.3.26/spring-expression-5.3.26.jar:/Users/jucastano/.m2/repository/org/springframework/boot/spring-boot-starter-jetty/2.7.10/spring-boot-starter-jetty-2.7.10.jar:/Users/jucastano/.m2/repository/jakarta/servlet/jakarta.servlet-api/4.0.4/jakarta.servlet-api-4.0.4.jar:/Users/jucastano/.m2/repository/jakarta/websocket/jakarta.websocket-api/1.1.2/jakarta.websocket-api-1.1.2.jar:/Users/jucastano/.m2/repository/org/apache/tomcat/embed/tomcat-embed-el/9.0.73/tomcat-embed-el-9.0.73.jar:/Users/jucastano/.m2/repository/org/eclipse/jetty/jetty-servlets/9.4.51.v20230217/jetty-servlets-9.4.51.v20230217.jar:/Users/jucastano/.m2/repository/org/eclipse/jetty/jetty-continuation/9.4.51.v20230217/jetty-continuation-9.4.51.v20230217.jar:/Users/jucastano/.m2/repository/org/eclipse/jetty/jetty-http/9.4.51.v20230217/jetty-http-9.4.51.v20230217.jar:/Users/jucastano/.m2/repository/org/eclipse/jetty/jetty-util/9.4.51.v20230217/jetty-util-9.4.51.v20230217.jar:/Users/jucastano/.m2/repository/org/eclipse/jetty/jetty-io/9.4.51.v20230217/jetty-io-9.4.51.v20230217.jar:/Users/jucastano/.m2/repository/org/eclipse/jetty/jetty-webapp/9.4.51.v20230217/jetty-webapp-9.4.51.v20230217.jar:/Users/jucastano/.m2/repository/org/eclipse/jetty/jetty-xml/9.4.51.v20230217/jetty-xml-9.4.51.v20230217.jar:/Users/jucastano/.m2/repository/org/eclipse/jetty/jetty-servlet/9.4.51.v20230217/jetty-servlet-9.4.51.v20230217.jar:/Users/jucastano/.m2/repository/org/eclipse/jetty/jetty-security/9.4.51.v20230217/jetty-security-9.4.51.v20230217.jar:/Users/jucastano/.m2/repository/org/eclipse/jetty/jetty-server/9.4.51.v20230217/jetty-server-9.4.51.v20230217.jar:/Users/jucastano/.m2/repository/org/eclipse/jetty/jetty-util-ajax/9.4.51.v20230217/jetty-util-ajax-9.4.51.v20230217.jar:/Users/jucastano/.m2/repository/org/eclipse/jetty/websocket/websocket-server/9.4.51.v20230217/websocket-server-9.4.51.v20230217.jar:/Users/jucastano/.m2/repository/org/eclipse/jetty/websocket/websocket-common/9.4.51.v20230217/websocket-common-9.4.51.v20230217.jar:/Users/jucastano/.m2/repository/org/eclipse/jetty/websocket/websocket-api/9.4.51.v20230217/websocket-api-9.4.51.v20230217.jar:/Users/jucastano/.m2/repository/org/eclipse/jetty/websocket/websocket-client/9.4.51.v20230217/websocket-client-9.4.51.v20230217.jar:/Users/jucastano/.m2/repository/org/eclipse/jetty/jetty-client/9.4.51.v20230217/jetty-client-9.4.51.v20230217.jar:/Users/jucastano/.m2/repository/org/eclipse/jetty/websocket/websocket-servlet/9.4.51.v20230217/websocket-servlet-9.4.51.v20230217.jar:/Users/jucastano/.m2/repository/org/eclipse/jetty/websocket/javax-websocket-server-impl/9.4.51.v20230217/javax-websocket-server-impl-9.4.51.v20230217.jar:/Users/jucastano/.m2/repository/org/eclipse/jetty/jetty-annotations/9.4.51.v20230217/jetty-annotations-9.4.51.v20230217.jar:/Users/jucastano/.m2/repository/org/eclipse/jetty/jetty-plus/9.4.51.v20230217/jetty-plus-9.4.51.v20230217.jar:/Users/jucastano/.m2/repository/org/ow2/asm/asm/9.2/asm-9.2.jar:/Users/jucastano/.m2/repository/org/ow2/asm/asm-commons/9.4/asm-commons-9.4.jar:/Users/jucastano/.m2/repository/org/ow2/asm/asm-tree/9.4/asm-tree-9.4.jar:/Users/jucastano/.m2/repository/org/eclipse/jetty/websocket/javax-websocket-client-impl/9.4.51.v20230217/javax-websocket-client-impl-9.4.51.v20230217.jar:/Users/jucastano/.m2/repository/com/fasterxml/jackson/module/jackson-module-blackbird/2.13.5/jackson-module-blackbird-2.13.5.jar:/Users/jucastano/.m2/repository/com/fasterxml/jackson/core/jackson-core/2.13.5/jackson-core-2.13.5.jar:/Users/jucastano/.m2/repository/org/springdoc/springdoc-openapi-ui/1.6.11/springdoc-openapi-ui-1.6.11.jar:/Users/jucastano/.m2/repository/org/springdoc/springdoc-openapi-webmvc-core/1.6.11/springdoc-openapi-webmvc-core-1.6.11.jar:/Users/jucastano/.m2/repository/org/springdoc/springdoc-openapi-common/1.6.11/springdoc-openapi-common-1.6.11.jar:/Users/jucastano/.m2/repository/io/swagger/core/v3/swagger-core/2.2.2/swagger-core-2.2.2.jar:/Users/jucastano/.m2/repository/com/fasterxml/jackson/dataformat/jackson-dataformat-yaml/2.13.5/jackson-dataformat-yaml-2.13.5.jar:/Users/jucastano/.m2/repository/io/swagger/core/v3/swagger-annotations/2.2.2/swagger-annotations-2.2.2.jar:/Users/jucastano/.m2/repository/io/swagger/core/v3/swagger-models/2.2.2/swagger-models-2.2.2.jar:/Users/jucastano/.m2/repository/org/webjars/swagger-ui/4.14.0/swagger-ui-4.14.0.jar:/Users/jucastano/.m2/repository/org/webjars/webjars-locator-core/0.50/webjars-locator-core-0.50.jar:/Users/jucastano/.m2/repository/io/github/classgraph/classgraph/4.8.149/classgraph-4.8.149.jar:/Users/jucastano/.m2/repository/com/newrelic/agent/java/newrelic-api/7.9.0/newrelic-api-7.9.0.jar:/Users/jucastano/.m2/repository/commons-io/commons-io/2.11.0/commons-io-2.11.0.jar:/Users/jucastano/.m2/repository/org/junit/jupiter/junit-jupiter/5.8.2/junit-jupiter-5.8.2.jar:/Users/jucastano/.m2/repository/org/junit/jupiter/junit-jupiter-api/5.8.2/junit-jupiter-api-5.8.2.jar:/Users/jucastano/.m2/repository/org/opentest4j/opentest4j/1.2.0/opentest4j-1.2.0.jar:/Users/jucastano/.m2/repository/org/junit/platform/junit-platform-commons/1.8.2/junit-platform-commons-1.8.2.jar:/Users/jucastano/.m2/repository/org/apiguardian/apiguardian-api/1.1.2/apiguardian-api-1.1.2.jar:/Users/jucastano/.m2/repository/org/junit/jupiter/junit-jupiter-params/5.8.2/junit-jupiter-params-5.8.2.jar:/Users/jucastano/.m2/repository/org/junit/jupiter/junit-jupiter-engine/5.8.2/junit-jupiter-engine-5.8.2.jar:/Users/jucastano/.m2/repository/org/junit/platform/junit-platform-engine/1.8.2/junit-platform-engine-1.8.2.jar:/Users/jucastano/.m2/repository/uk/org/webcompere/system-stubs-jupiter/2.0.1/system-stubs-jupiter-2.0.1.jar:/Users/jucastano/.m2/repository/uk/org/webcompere/system-stubs-core/2.0.1/system-stubs-core-2.0.1.jar:/Users/jucastano/.m2/repository/org/mockito/mockito-inline/4.6.1/mockito-inline-4.6.1.jar:/Users/jucastano/.m2/repository/org/mockito/mockito-junit-jupiter/4.6.1/mockito-junit-jupiter-4.6.1.jar:/Users/jucastano/.m2/repository/org/mockito/mockito-core/4.6.1/mockito-core-4.6.1.jar:/Users/jucastano/.m2/repository/net/bytebuddy/byte-buddy/1.12.23/byte-buddy-1.12.23.jar:/Users/jucastano/.m2/repository/net/bytebuddy/byte-buddy-agent/1.12.23/byte-buddy-agent-1.12.23.jar:/Users/jucastano/.m2/repository/org/objenesis/objenesis/3.2/objenesis-3.2.jar:/Users/jucastano/.m2/repository/org/springframework/boot/spring-boot-starter-test/2.7.10/spring-boot-starter-test-2.7.10.jar:/Users/jucastano/.m2/repository/org/springframework/boot/spring-boot-test/2.7.10/spring-boot-test-2.7.10.jar:/Users/jucastano/.m2/repository/org/springframework/boot/spring-boot-test-autoconfigure/2.7.10/spring-boot-test-autoconfigure-2.7.10.jar:/Users/jucastano/.m2/repository/com/jayway/jsonpath/json-path/2.7.0/json-path-2.7.0.jar:/Users/jucastano/.m2/repository/net/minidev/json-smart/2.4.10/json-smart-2.4.10.jar:/Users/jucastano/.m2/repository/net/minidev/accessors-smart/2.4.9/accessors-smart-2.4.9.jar:/Users/jucastano/.m2/repository/jakarta/xml/bind/jakarta.xml.bind-api/2.3.3/jakarta.xml.bind-api-2.3.3.jar:/Users/jucastano/.m2/repository/jakarta/activation/jakarta.activation-api/1.2.2/jakarta.activation-api-1.2.2.jar:/Users/jucastano/.m2/repository/org/assertj/assertj-core/3.22.0/assertj-core-3.22.0.jar:/Users/jucastano/.m2/repository/org/hamcrest/hamcrest/2.2/hamcrest-2.2.jar:/Users/jucastano/.m2/repository/org/skyscreamer/jsonassert/1.5.1/jsonassert-1.5.1.jar:/Users/jucastano/.m2/repository/com/vaadin/external/google/android-json/0.0.20131108.vaadin1/android-json-0.0.20131108.vaadin1.jar:/Users/jucastano/.m2/repository/org/springframework/spring-core/5.3.26/spring-core-5.3.26.jar:/Users/jucastano/.m2/repository/org/springframework/spring-jcl/5.3.26/spring-jcl-5.3.26.jar:/Users/jucastano/.m2/repository/org/springframework/spring-test/5.3.26/spring-test-5.3.26.jar:/Users/jucastano/.m2/repository/org/xmlunit/xmlunit-core/2.9.1/xmlunit-core-2.9.1.jar:/Users/jucastano/.m2/repository/org/springframework/boot/spring-boot-starter-validation/2.7.10/spring-boot-starter-validation-2.7.10.jar:/Users/jucastano/.m2/repository/org/hibernate/validator/hibernate-validator/6.2.5.Final/hibernate-validator-6.2.5.Final.jar:/Users/jucastano/.m2/repository/jakarta/validation/jakarta.validation-api/2.0.2/jakarta.validation-api-2.0.2.jar:/Users/jucastano/.m2/repository/org/jboss/logging/jboss-logging/3.4.3.Final/jboss-logging-3.4.3.Final.jar:/Users/jucastano/.m2/repository/com/fasterxml/classmate/1.5.1/classmate-1.5.1.jar:/Users/jucastano/.m2/repository/org/projectlombok/lombok/1.18.20/lombok-1.18.20.jar:/Users/jucastano/.m2/repository/com/mercadolibre/restclient/restclient-core/0.5.4/restclient-core-0.5.4.jar:/Users/jucastano/.m2/repository/com/mercadolibre/restclient/restclient-http/0.5.4/restclient-http-0.5.4.jar:/Users/jucastano/.m2/repository/com/google/guava/guava/30.1.1-jre/guava-30.1.1-jre.jar:/Users/jucastano/.m2/repository/com/google/guava/failureaccess/1.0.1/failureaccess-1.0.1.jar:/Users/jucastano/.m2/repository/com/google/guava/listenablefuture/9999.0-empty-to-avoid-conflict-with-guava/listenablefuture-9999.0-empty-to-avoid-conflict-with-guava.jar:/Users/jucastano/.m2/repository/com/google/errorprone/error_prone_annotations/2.5.1/error_prone_annotations-2.5.1.jar:/Users/jucastano/.m2/repository/com/google/j2objc/j2objc-annotations/1.3/j2objc-annotations-1.3.jar:/Users/jucastano/.m2/repository/com/mercadolibre/resilience/resilience-core/1.2.2/resilience-core-1.2.2.jar:/Users/jucastano/.m2/repository/org/apache/commons/commons-text/1.9/commons-text-1.9.jar:/Users/jucastano/.m2/repository/org/slf4j/slf4j-api/1.7.36/slf4j-api-1.7.36.jar:/Users/jucastano/.m2/repository/com/mercadolibre/restclient/restclient-core/0.5.4/restclient-core-0.5.4-tests.jar:/Users/jucastano/.m2/repository/com/mercadolibre/kvsclient/1.1.5/kvsclient-1.1.5.jar:/Users/jucastano/.m2/repository/com/mercadolibre/restclient/restclient-default/0.5.4/restclient-default-0.5.4.jar:/Users/jucastano/.m2/repository/com/mercadolibre/restclient/restclient-httpc/0.5.4/restclient-httpc-0.5.4.jar:/Users/jucastano/.m2/repository/org/apache/httpcomponents/httpcore-nio/4.4.16/httpcore-nio-4.4.16.jar:/Users/jucastano/.m2/repository/org/apache/httpcomponents/httpcore/4.4.16/httpcore-4.4.16.jar:/Users/jucastano/.m2/repository/org/apache/httpcomponents/httpmime/4.5.14/httpmime-4.5.14.jar:/Users/jucastano/.m2/repository/org/apache/httpcomponents/httpclient/4.5.14/httpclient-4.5.14.jar:/Users/jucastano/.m2/repository/commons-codec/commons-codec/1.15/commons-codec-1.15.jar:/Users/jucastano/.m2/repository/org/apache/httpcomponents/httpasyncclient/4.1.5/httpasyncclient-4.1.5.jar:/Users/jucastano/.m2/repository/com/mercadolibre/restclient/restclient-default-parsers/0.5.4/restclient-default-parsers-0.5.4.jar:/Users/jucastano/.m2/repository/com/mercadolibre/restclient/restclient-cache/0.5.4/restclient-cache-0.5.4.jar:/Users/jucastano/.m2/repository/com/mercadolibre/resilience/rate-limiter/2.0.3/rate-limiter-2.0.3.jar:/Users/jucastano/.m2/repository/com/mercadolibre/dsclient/3.1.6/dsclient-3.1.6.jar:/Users/jucastano/.m2/repository/com/mercadolibre/ds-common/1.0.51/ds-common-1.0.51.jar:/Users/jucastano/.m2/repository/com/fasterxml/jackson/datatype/jackson-datatype-joda/2.13.5/jackson-datatype-joda-2.13.5.jar:/Users/jucastano/.m2/repository/joda-time/joda-time/2.10.8/joda-time-2.10.8.jar:/Users/jucastano/.m2/repository/com/mercadolibre/dsclient/3.1.6/dsclient-3.1.6-tests.jar:"/>
    <property name="sun.cpu.endian" value="little"/>
    <property name="user.home" value="/Users/jucastano"/>
    <property name="user.language" value="es"/>
    <property name="java.specification.vendor" value="Oracle Corporation"/>
    <property name="java.version.date" value="2023-01-17"/>
    <property name="java.home" value="/Users/jucastano/.sdkman/candidates/java/17.0.6-zulu/zulu-17.jdk/Contents/Home"/>
    <property name="file.separator" value="/"/>
    <property name="basedir" value="/Users/jucastano/ramp-up/rampup-juan-castano"/>
    <property name="java.vm.compressedOopsMode" value="Zero based"/>
    <property name="line.separator" value="&#10;"/>
    <property name="java.specification.name" value="Java Platform API Specification"/>
    <property name="java.vm.specification.vendor" value="Oracle Corporation"/>
    <property name="java.awt.headless" value="true"/>
    <property name="sun.management.compiler" value="HotSpot 64-Bit Tiered Compilers"/>
    <property name="java.runtime.version" value="17.0.6+10-LTS"/>
    <property name="user.name" value="jucastano"/>
    <property name="path.separator" value=":"/>
    <property name="os.version" value="13.3.1"/>
    <property name="java.runtime.name" value="OpenJDK Runtime Environment"/>
    <property name="file.encoding" value="US-ASCII"/>
    <property name="java.vm.name" value="OpenJDK 64-Bit Server VM"/>
    <property name="java.vendor.version" value="Zulu17.40+19-CA"/>
    <property name="localRepository" value="/Users/jucastano/.m2/repository"/>
    <property name="java.vendor.url.bug" value="http://www.azul.com/support/"/>
    <property name="java.io.tmpdir" value="/var/folders/7w/s_15z4kx3t7cm3znnpt5zfb8zl584q/T/"/>
    <property name="java.version" value="17.0.6"/>
    <property name="user.dir" value="/Users/jucastano/ramp-up/rampup-juan-castano"/>
    <property name="os.arch" value="x86_64"/>
    <property name="java.vm.specification.name" value="Java Virtual Machine Specification"/>
    <property name="native.encoding" value="US-ASCII"/>
    <property name="java.library.path" value="/Users/jucastano/Library/Java/Extensions:/Library/Java/Extensions:/Network/Library/Java/Extensions:/System/Library/Java/Extensions:/usr/lib/java:."/>
    <property name="java.vm.info" value="mixed mode, sharing"/>
    <property name="java.vendor" value="Azul Systems, Inc."/>
    <property name="java.vm.version" value="17.0.6+10-LTS"/>
    <property name="sun.io.unicode.encoding" value="UnicodeBig"/>
    <property name="java.class.version" value="61.0"/>
  </properties>
  <testcase name="deleteFruit" classname="com.mercadolibre.rampup_juan_castano.integration.ManageFruitControllerTest" time="0.046"/>
  <testcase name="updateFruit" classname="com.mercadolibre.rampup_juan_castano.integration.ManageFruitControllerTest" time="0.005"/>
  <testcase name="searchFruit" classname="com.mercadolibre.rampup_juan_castano.integration.ManageFruitControllerTest" time="0.003"/>
  <testcase name="saveFruit" classname="com.mercadolibre.rampup_juan_castano.integration.ManageFruitControllerTest" time="0.007"/>
  <testcase name="getFruitById" classname="com.mercadolibre.rampup_juan_castano.integration.ManageFruitControllerTest" time="0.005"/>
</testsuite>